<?xml version="1.0" encoding="UTF-8"?>
<coverage generated="1605586891584" clover="3.2.0">
  <project timestamp="1605586891584" name="All files">
    <metrics statements="10" coveredstatements="8" conditionals="6" coveredconditionals="4" methods="2" coveredmethods="2" elements="18" coveredelements="14" complexity="0" loc="10" ncloc="10" packages="1" files="2" classes="2"/>
    <file name="book-utils.js" path="/Users/namdanguyen/Desktop/jest-spies/book-utils.js">
      <metrics statements="4" coveredstatements="3" conditionals="4" coveredconditionals="3" methods="1" coveredmethods="1"/>
      <line num="1" count="1" type="stmt"/>
      <line num="3" count="2" type="cond" truecount="3" falsecount="1"/>
      <line num="4" count="0" type="stmt"/>
      <line num="7" count="1" type="stmt"/>
    </file>
    <file name="book.js" path="/Users/namdanguyen/Desktop/jest-spies/book.js">
      <metrics statements="6" coveredstatements="5" conditionals="2" coveredconditionals="1" methods="1" coveredmethods="1"/>
      <line num="1" count="1" type="stmt"/>
      <line num="3" count="1" type="stmt"/>
      <line num="4" count="2" type="stmt"/>
      <line num="5" count="2" type="cond" truecount="1" falsecount="1"/>
      <line num="6" count="0" type="stmt"/>
      <line num="8" count="1" type="stmt"/>
    </file>
  </project>
</coverage>
